<?xml version="1.0" encoding="UTF-8"?>
<testsuite name="StudentsTest" tests="2" skipped="0" failures="0" errors="0" timestamp="2021-05-27T17:25:08" hostname="KERNEL_PANIC" time="0.015">
  <properties/>
  <testcase name="addEqualStudent()" classname="StudentsTest" time="0.013"/>
  <testcase name="addStudent()" classname="StudentsTest" time="0.001"/>
  <system-out><![CDATA[]]></system-out>
  <system-err><![CDATA[]]></system-err>
</testsuite>
